Using pre-set license
Built from '2022.3/china_unity/release' branch; Version is '2022.3.8f1c1 (4ec8ee1b2212) revision 5163246'; Using compiler version '192829333'; Build Type 'Release'
OS: 'Windows 11  (10.0.26100) 64bit Professional' Language: 'zh' Physical Memory: 16176 MB
BatchMode: 1, IsHumanControllingUs: 0, StartBugReporterOnCrash: 0, Is64bit: 1, IsPro: 1

COMMAND LINE ARGUMENTS:
D:\Unity 2022.3.8f1c1\Editor\Unity.exe
-adb2
-batchMode
-noUpm
-name
AssetImportWorker4
-projectPath
D:/UnityProject/Mo Jing Mysteries The Gate of Physics
-logFile
Logs/AssetImportWorker4.log
-srvPort
50695
Successfully changed project path to: D:/UnityProject/Mo Jing Mysteries The Gate of Physics
D:/UnityProject/Mo Jing Mysteries The Gate of Physics
[UnityMemory] Configuration Parameters - Can be set up in boot.config
    "memorysetup-bucket-allocator-granularity=16"
    "memorysetup-bucket-allocator-bucket-count=8"
    "memorysetup-bucket-allocator-block-size=33554432"
    "memorysetup-bucket-allocator-block-count=8"
    "memorysetup-main-allocator-block-size=16777216"
    "memorysetup-thread-allocator-block-size=16777216"
    "memorysetup-gfx-main-allocator-block-size=16777216"
    "memorysetup-gfx-thread-allocator-block-size=16777216"
    "memorysetup-cache-allocator-block-size=4194304"
    "memorysetup-typetree-allocator-block-size=2097152"
    "memorysetup-profiler-bucket-allocator-granularity=16"
    "memorysetup-profiler-bucket-allocator-bucket-count=8"
    "memorysetup-profiler-bucket-allocator-block-size=33554432"
    "memorysetup-profiler-bucket-allocator-block-count=8"
    "memorysetup-profiler-allocator-block-size=16777216"
    "memorysetup-profiler-editor-allocator-block-size=1048576"
    "memorysetup-temp-allocator-size-main=16777216"
    "memorysetup-job-temp-allocator-block-size=2097152"
    "memorysetup-job-temp-allocator-block-size-background=1048576"
    "memorysetup-job-temp-allocator-reduction-small-platforms=262144"
    "memorysetup-allocator-temp-initial-block-size-main=262144"
    "memorysetup-allocator-temp-initial-block-size-worker=262144"
    "memorysetup-temp-allocator-size-background-worker=32768"
    "memorysetup-temp-allocator-size-job-worker=262144"
    "memorysetup-temp-allocator-size-preload-manager=33554432"
    "memorysetup-temp-allocator-size-nav-mesh-worker=65536"
    "memorysetup-temp-allocator-size-audio-worker=65536"
    "memorysetup-temp-allocator-size-cloud-worker=32768"
    "memorysetup-temp-allocator-size-gi-baking-worker=262144"
    "memorysetup-temp-allocator-size-gfx=262144"
Player connection [31884] Host "[IP] 192.168.17.1 [Port] 0 [Flags] 2 [Guid] 3860185398 [EditorId] 3860185398 [Version] 1048832 [Id] WindowsEditor(7,Olivia) [Debug] 1 [PackageName] WindowsEditor [ProjectName] Editor" joined multi-casting on [225.0.0.222:54997]...

Player connection [31884] Host "[IP] 192.168.17.1 [Port] 0 [Flags] 2 [Guid] 3860185398 [EditorId] 3860185398 [Version] 1048832 [Id] WindowsEditor(7,Olivia) [Debug] 1 [PackageName] WindowsEditor [ProjectName] Editor" joined alternative multi-casting on [225.0.0.222:34997]...

[Physics::Module] Initialized MultithreadedJobDispatcher with 15 workers.
Refreshing native plugins compatible for Editor in 23.23 ms, found 3 plugins.
Preloading 0 native plugins for Editor in 0.00 ms.
Initialize engine version: 2022.3.8f1c1 (4ec8ee1b2212)
[Subsystems] Discovering subsystems at path D:/Unity 2022.3.8f1c1/Editor/Data/Resources/UnitySubsystems
[Subsystems] Discovering subsystems at path D:/UnityProject/Mo Jing Mysteries The Gate of Physics/Assets
GfxDevice: creating device client; threaded=0; jobified=0
Direct3D:
    Version:  Direct3D 11.0 [level 11.1]
    Renderer: NVIDIA GeForce RTX 4050 Laptop GPU (ID=0x28e1)
    Vendor:   NVIDIA
    VRAM:     5921 MB
    Driver:   32.0.15.6094
Initialize mono
Mono path[0] = 'D:/Unity 2022.3.8f1c1/Editor/Data/Managed'
Mono path[1] = 'D:/Unity 2022.3.8f1c1/Editor/Data/MonoBleedingEdge/lib/mono/unityjit-win32'
Mono config path = 'D:/Unity 2022.3.8f1c1/Editor/Data/MonoBleedingEdge/etc'
Using monoOptions --debugger-agent=transport=dt_socket,embedding=1,server=y,suspend=n,address=127.0.0.1:56056
Begin MonoManager ReloadAssembly
Registering precompiled unity dll's ...
Register platform support module: D:/Unity 2022.3.8f1c1/Editor/Data/PlaybackEngines/WindowsStandaloneSupport/UnityEditor.WindowsStandalone.Extensions.dll
Registered in 0.007743 seconds.
- Loaded All Assemblies, in  0.415 seconds
Native extension for WindowsStandalone target not found
Mono: successfully reloaded assembly
- Finished resetting the current domain, in  0.208 seconds
Domain Reload Profiling: 608ms
	BeginReloadAssembly (168ms)
		ExecutionOrderSort (0ms)
		DisableScriptedObjects (0ms)
		BackupInstance (0ms)
		ReleaseScriptingObjects (0ms)
		CreateAndSetChildDomain (1ms)
	RebuildCommonClasses (30ms)
	RebuildNativeTypeToScriptingClass (8ms)
	initialDomainReloadingComplete (80ms)
	LoadAllAssembliesAndSetupDomain (114ms)
		LoadAssemblies (152ms)
		RebuildTransferFunctionScriptingTraits (0ms)
		AnalyzeDomain (111ms)
			TypeCache.Refresh (110ms)
				TypeCache.ScanAssembly (98ms)
			ScanForSourceGeneratedMonoScriptInfo (0ms)
			ResolveRequiredComponents (0ms)
	FinalizeReload (208ms)
		ReleaseScriptCaches (0ms)
		RebuildScriptCaches (0ms)
		SetupLoadedEditorAssemblies (162ms)
			LogAssemblyErrors (0ms)
			InitializePlatformSupportModulesInManaged (8ms)
			SetLoadedEditorAssemblies (6ms)
			RefreshPlugins (0ms)
			BeforeProcessingInitializeOnLoad (2ms)
			ProcessInitializeOnLoadAttributes (102ms)
			ProcessInitializeOnLoadMethodAttributes (45ms)
			AfterProcessingInitializeOnLoad (0ms)
			EditorAssembliesLoaded (0ms)
		ExecutionOrderSort2 (0ms)
		AwakeInstancesAfterBackupRestoration (0ms)
========================================================================
Worker process is ready to serve import requests
Begin MonoManager ReloadAssembly
- Loaded All Assemblies, in  0.679 seconds
Refreshing native plugins compatible for Editor in 10.63 ms, found 3 plugins.
Native extension for WindowsStandalone target not found
Package Manager log level set to [2]
[Package Manager] Server::EnsureServerProcessIsRunning -- launch failed, reason: Unity was launched with the -noUpm command-line argument
[Package Manager] UpmClient::Send -- Unable to send message (not connected to UPM process).
[Package Manager] Cannot connect to Unity Package Manager local server
Mono: successfully reloaded assembly
- Finished resetting the current domain, in  0.505 seconds
Domain Reload Profiling: 1167ms
	BeginReloadAssembly (197ms)
		ExecutionOrderSort (0ms)
		DisableScriptedObjects (4ms)
		BackupInstance (0ms)
		ReleaseScriptingObjects (0ms)
		CreateAndSetChildDomain (17ms)
	RebuildCommonClasses (27ms)
	RebuildNativeTypeToScriptingClass (8ms)
	initialDomainReloadingComplete (60ms)
	LoadAllAssembliesAndSetupDomain (371ms)
		LoadAssemblies (358ms)
		RebuildTransferFunctionScriptingTraits (0ms)
		AnalyzeDomain (142ms)
			TypeCache.Refresh (127ms)
				TypeCache.ScanAssembly (114ms)
			ScanForSourceGeneratedMonoScriptInfo (11ms)
			ResolveRequiredComponents (3ms)
	FinalizeReload (505ms)
		ReleaseScriptCaches (0ms)
		RebuildScriptCaches (0ms)
		SetupLoadedEditorAssemblies (385ms)
			LogAssemblyErrors (0ms)
			InitializePlatformSupportModulesInManaged (5ms)
			SetLoadedEditorAssemblies (4ms)
			RefreshPlugins (0ms)
			BeforeProcessingInitializeOnLoad (74ms)
			ProcessInitializeOnLoadAttributes (260ms)
			ProcessInitializeOnLoadMethodAttributes (14ms)
			AfterProcessingInitializeOnLoad (28ms)
			EditorAssembliesLoaded (0ms)
		ExecutionOrderSort2 (0ms)
		AwakeInstancesAfterBackupRestoration (11ms)
Launched and connected shader compiler UnityShaderCompiler.exe after 0.07 seconds
Refreshing native plugins compatible for Editor in 11.21 ms, found 3 plugins.
Preloading 0 native plugins for Editor in 0.00 ms.
Unloading 3101 Unused Serialized files (Serialized files now loaded: 0)
Unloading 31 unused Assets / (56.3 KB). Loaded Objects now: 3570.
Memory consumption went from 118.7 MB to 118.6 MB.
Total: 2.098100 ms (FindLiveObjects: 0.141200 ms CreateObjectMapping: 0.052400 ms MarkObjects: 1.811900 ms  DeleteObjects: 0.090800 ms)

AssetImportParameters requested are different than current active one (requested -> active):
  custom:container-demuxer-ogg: 62fdf1f143b41e24485cea50d1cbac27 -> 
  custom:video-codec-MediaFoundation-h265: 746d11721c4dcdbdad8f713fa42b33f4 -> 
  custom:video-decoder-ogg-theora: a1e56fd34408186e4bbccfd4996cb3dc -> 
  custom:framework-win-MediaFoundation: 216162199b28c13a410421893ffa2e32 -> 
  custom:CustomObjectIndexerAttribute: 756ad292c208cfabdd7b50bc23989ffe -> 
  custom:container-demuxer-webm: 4f35f7cbe854078d1ac9338744f61a02 -> 
  custom:container-muxer-webm: aa71ff27fc2769a1b78a27578f13a17b -> 
  custom:video-decoder-webm-vp8: 9c59270c3fd7afecdb556c50c9e8de78 -> 
  custom:SearchIndexIgnoredProperties: e643bd26f0fe6173181afceb89e7c659 -> 
  custom:AudioImporter_EditorPlatform: d09bf68614088b80899f8185d706f6e7 -> 
  custom:video-encoder-webm-vp8: eb34c28f22e8b96e1ab97ce403110664 -> 
  custom:audio-decoder-ogg-vorbis: bf7c407c2cedff20999df2af8eb42d56 -> 
  custom:audio-encoder-webm-vorbis: bf7c407c2cedff20999df2af8eb42d56 -> 
========================================================================
Received Import Request.
  Time since last request: 4788.749039 seconds.
  path: Assets/people/4.fbx
  artifactKey: Guid(f790f4eeb7fe3be4c8a3d579a94f91f7) Importer(815301076,1909f56bfc062723c751e8b465ee728b)
Start importing Assets/people/4.fbx using Guid(f790f4eeb7fe3be4c8a3d579a94f91f7) Importer(815301076,1909f56bfc062723c751e8b465ee728b)  -> (artifact id: '4af0f2b19ec3d0aa6e9ad062c6639f30') in 0.124378 seconds
Number of updated asset objects reloaded before import = 0
Number of asset objects unloaded after import = 15
========================================================================
Received Import Request.
  Time since last request: 33.339564 seconds.
  path: Assets/people/2.fbx
  artifactKey: Guid(e5bae499226aaf5488097b71a744b004) Importer(815301076,1909f56bfc062723c751e8b465ee728b)
Start importing Assets/people/2.fbx using Guid(e5bae499226aaf5488097b71a744b004) Importer(815301076,1909f56bfc062723c751e8b465ee728b)  -> (artifact id: '97c0dbd564aea3d0fb255adc6ef75e99') in 0.067364 seconds
Number of updated asset objects reloaded before import = 0
Number of asset objects unloaded after import = 15
========================================================================
Received Import Request.
  Time since last request: 2.854935 seconds.
  path: Assets/polyperfect/Low Poly Animated People/- Materials/Colors/15 BROWN-WHITE.mat
  artifactKey: Guid(f9c4a99059a34d842b70997d0245fde2) Importer(815301076,1909f56bfc062723c751e8b465ee728b)
Start importing Assets/polyperfect/Low Poly Animated People/- Materials/Colors/15 BROWN-WHITE.mat using Guid(f9c4a99059a34d842b70997d0245fde2) Importer(815301076,1909f56bfc062723c751e8b465ee728b)  -> (artifact id: '0ff604ea38371c1dc6912b1388e36280') in 0.024413 seconds
Number of updated asset objects reloaded before import = 0
Number of asset objects unloaded after import = 1
========================================================================
Received Import Request.
  Time since last request: 0.006148 seconds.
  path: Assets/polyperfect/Low Poly Animated People/- Materials/Colors/22 GREY-LIGHTEST.mat
  artifactKey: Guid(c413883b1f5da43f595f8475353613de) Importer(815301076,1909f56bfc062723c751e8b465ee728b)
Start importing Assets/polyperfect/Low Poly Animated People/- Materials/Colors/22 GREY-LIGHTEST.mat using Guid(c413883b1f5da43f595f8475353613de) Importer(815301076,1909f56bfc062723c751e8b465ee728b)  -> (artifact id: '5049f043a9cd9ce3b7e29fc8115734c5') in 0.017166 seconds
Number of updated asset objects reloaded before import = 0
Number of asset objects unloaded after import = 1
========================================================================
Received Import Request.
  Time since last request: 0.290828 seconds.
  path: Assets/polyperfect/Low Poly Animated People/- Materials/Colors/Transparent/24 TRANSPARENT-GREY.mat
  artifactKey: Guid(9d9bb6bbb2ed44e89aaf71377e273447) Importer(815301076,1909f56bfc062723c751e8b465ee728b)
Start importing Assets/polyperfect/Low Poly Animated People/- Materials/Colors/Transparent/24 TRANSPARENT-GREY.mat using Guid(9d9bb6bbb2ed44e89aaf71377e273447) Importer(815301076,1909f56bfc062723c751e8b465ee728b)  -> (artifact id: '0b65b5186180d54f374c76b948ad79a3') in 0.033027 seconds
Number of updated asset objects reloaded before import = 0
Number of asset objects unloaded after import = 1
========================================================================
Received Import Request.
  Time since last request: 0.974172 seconds.
  path: Assets/polyperfect/Low Poly Animated People/- Materials/Colors/26 RED-DARK.mat
  artifactKey: Guid(48b31daa83ddb854fadd9402702394e4) Importer(815301076,1909f56bfc062723c751e8b465ee728b)
Start importing Assets/polyperfect/Low Poly Animated People/- Materials/Colors/26 RED-DARK.mat using Guid(48b31daa83ddb854fadd9402702394e4) Importer(815301076,1909f56bfc062723c751e8b465ee728b)  -> (artifact id: 'cbae7a8ccaf6ccadc48854a7490abfc0') in 0.019252 seconds
Number of updated asset objects reloaded before import = 0
Number of asset objects unloaded after import = 1
========================================================================
Received Import Request.
  Time since last request: 0.000029 seconds.
  path: Assets/polyperfect/Low Poly Animated People/- Materials/Colors/30 YELLOW.mat
  artifactKey: Guid(42caffe1132386f4daa037a9663088b9) Importer(815301076,1909f56bfc062723c751e8b465ee728b)
Start importing Assets/polyperfect/Low Poly Animated People/- Materials/Colors/30 YELLOW.mat using Guid(42caffe1132386f4daa037a9663088b9) Importer(815301076,1909f56bfc062723c751e8b465ee728b)  -> (artifact id: '56d14e13d59cb8e96ee901e1ba08b37e') in 0.016923 seconds
Number of updated asset objects reloaded before import = 0
Number of asset objects unloaded after import = 1
========================================================================
Received Import Request.
  Time since last request: 0.000063 seconds.
  path: Assets/polyperfect/Low Poly Animated People/- Materials/Colors/35 GREEN-MEDIUM.mat
  artifactKey: Guid(87ff71ffc286b91449d2296928632aed) Importer(815301076,1909f56bfc062723c751e8b465ee728b)
Start importing Assets/polyperfect/Low Poly Animated People/- Materials/Colors/35 GREEN-MEDIUM.mat using Guid(87ff71ffc286b91449d2296928632aed) Importer(815301076,1909f56bfc062723c751e8b465ee728b)  -> (artifact id: '994a81d0f92b1169e51ebee6ad03e0df') in 0.022015 seconds
Number of updated asset objects reloaded before import = 0
Number of asset objects unloaded after import = 1
========================================================================
Received Import Request.
  Time since last request: 0.000231 seconds.
  path: Assets/polyperfect/Low Poly Animated People/- Materials/Colors/39 GREEN-WHITE.mat
  artifactKey: Guid(668dd8403bdfc6347a3f5b1c412defa1) Importer(815301076,1909f56bfc062723c751e8b465ee728b)
Start importing Assets/polyperfect/Low Poly Animated People/- Materials/Colors/39 GREEN-WHITE.mat using Guid(668dd8403bdfc6347a3f5b1c412defa1) Importer(815301076,1909f56bfc062723c751e8b465ee728b)  -> (artifact id: '5765e63ffe7656a66d7efc77cd93d4e0') in 0.021108 seconds
Number of updated asset objects reloaded before import = 0
Number of asset objects unloaded after import = 1
========================================================================
Received Import Request.
  Time since last request: 0.179094 seconds.
  path: Assets/polyperfect/Low Poly Animated People/- Materials/Colors/43 BLUE-MEDIUM.mat
  artifactKey: Guid(4ea8e2de4ac6b564c98a36f67a2ad64f) Importer(815301076,1909f56bfc062723c751e8b465ee728b)
Start importing Assets/polyperfect/Low Poly Animated People/- Materials/Colors/43 BLUE-MEDIUM.mat using Guid(4ea8e2de4ac6b564c98a36f67a2ad64f) Importer(815301076,1909f56bfc062723c751e8b465ee728b)  -> (artifact id: 'fca6070abe1932525ca307742f2aad16') in 0.019912 seconds
Number of updated asset objects reloaded before import = 0
Number of asset objects unloaded after import = 1
========================================================================
Received Import Request.
  Time since last request: 0.004396 seconds.
  path: Assets/polyperfect/Low Poly Animated People/- Materials/Colors/46 BLUE-LIGHEST.mat
  artifactKey: Guid(b9bae1e20222386438bc64a9a3089d03) Importer(815301076,1909f56bfc062723c751e8b465ee728b)
Start importing Assets/polyperfect/Low Poly Animated People/- Materials/Colors/46 BLUE-LIGHEST.mat using Guid(b9bae1e20222386438bc64a9a3089d03) Importer(815301076,1909f56bfc062723c751e8b465ee728b)  -> (artifact id: '7f10bfb0d5ebe5013b67365c9e3b4fe8') in 0.017184 seconds
Number of updated asset objects reloaded before import = 0
Number of asset objects unloaded after import = 1
========================================================================
Received Import Request.
  Time since last request: 0.003709 seconds.
  path: Assets/polyperfect/Low Poly Animated People/- Materials/Colors/49 PINK-DARKEST.mat
  artifactKey: Guid(29a84e950ada74848bd4591f0b64bf4d) Importer(815301076,1909f56bfc062723c751e8b465ee728b)
Start importing Assets/polyperfect/Low Poly Animated People/- Materials/Colors/49 PINK-DARKEST.mat using Guid(29a84e950ada74848bd4591f0b64bf4d) Importer(815301076,1909f56bfc062723c751e8b465ee728b)  -> (artifact id: '29d8ed9bdd46283a9cd49f567929ab3d') in 0.018192 seconds
Number of updated asset objects reloaded before import = 0
Number of asset objects unloaded after import = 1
========================================================================
Received Import Request.
  Time since last request: 0.000033 seconds.
  path: Assets/polyperfect/Low Poly Animated People/- Materials/Colors/53 PINK-LIGHT.mat
  artifactKey: Guid(cc039e4bd41a440f793d0b9f704387d3) Importer(815301076,1909f56bfc062723c751e8b465ee728b)
Start importing Assets/polyperfect/Low Poly Animated People/- Materials/Colors/53 PINK-LIGHT.mat using Guid(cc039e4bd41a440f793d0b9f704387d3) Importer(815301076,1909f56bfc062723c751e8b465ee728b)  -> (artifact id: '5466bac7fa3a70a7c31f0c6af58885cb') in 0.017088 seconds
Number of updated asset objects reloaded before import = 0
Number of asset objects unloaded after import = 1
========================================================================
Received Import Request.
  Time since last request: 0.000123 seconds.
  path: Assets/polyperfect/Low Poly Animated People/- Materials/Colors/64 GLASS.mat
  artifactKey: Guid(ffce2a7e1519d465684f3f97da456fa9) Importer(815301076,1909f56bfc062723c751e8b465ee728b)
Start importing Assets/polyperfect/Low Poly Animated People/- Materials/Colors/64 GLASS.mat using Guid(ffce2a7e1519d465684f3f97da456fa9) Importer(815301076,1909f56bfc062723c751e8b465ee728b)  -> (artifact id: 'f08a7221e53ac2de88d326e5bd4167ce') in 0.253284 seconds
Number of updated asset objects reloaded before import = 0
Number of asset objects unloaded after import = 1
========================================================================
Received Import Request.
  Time since last request: 0.724704 seconds.
  path: Assets/Lowpoly Style/Shared FBX Meshes/Terrain/Materials/MAT_WATER.mat
  artifactKey: Guid(2ac3ec7ff11624546bab929245b32031) Importer(815301076,1909f56bfc062723c751e8b465ee728b)
Start importing Assets/Lowpoly Style/Shared FBX Meshes/Terrain/Materials/MAT_WATER.mat using Guid(2ac3ec7ff11624546bab929245b32031) Importer(815301076,1909f56bfc062723c751e8b465ee728b)  -> (artifact id: '89b27e27bd56070bf9400404a97ed8a1') in 0.017738 seconds
Number of updated asset objects reloaded before import = 0
Number of asset objects unloaded after import = 1
========================================================================
Received Import Request.
  Time since last request: 7.302810 seconds.
  path: Assets/people/2.fbx
  artifactKey: Guid(e5bae499226aaf5488097b71a744b004) Importer(815301076,1909f56bfc062723c751e8b465ee728b)
Start importing Assets/people/2.fbx using Guid(e5bae499226aaf5488097b71a744b004) Importer(815301076,1909f56bfc062723c751e8b465ee728b)  -> (artifact id: 'be9268e479f291d0a8ac6997e348952a') in 0.367795 seconds
Number of updated asset objects reloaded before import = 0
Number of asset objects unloaded after import = 1719
========================================================================
Received Import Request.
  Time since last request: 257.580789 seconds.
  path: Assets/people/5.fbx
  artifactKey: Guid(cbe3e1eb4a3eb7c4c83ac5a08ee70543) Importer(815301076,1909f56bfc062723c751e8b465ee728b)
Start importing Assets/people/5.fbx using Guid(cbe3e1eb4a3eb7c4c83ac5a08ee70543) Importer(815301076,1909f56bfc062723c751e8b465ee728b)  -> (artifact id: '81601984e67eca1b144164df646e2835') in 2.699767 seconds
Number of updated asset objects reloaded before import = 0
Number of asset objects unloaded after import = 1707
========================================================================
Received Import Request.
  Time since last request: 16.923045 seconds.
  path: Assets/people/5 1.fbx
  artifactKey: Guid(3a12d7ca20c546841bd0d095af6a2025) Importer(815301076,1909f56bfc062723c751e8b465ee728b)
Start importing Assets/people/5 1.fbx using Guid(3a12d7ca20c546841bd0d095af6a2025) Importer(815301076,1909f56bfc062723c751e8b465ee728b)  -> (artifact id: '5e01c0d36ee81e934e000a927ffb54ed') in 2.450642 seconds
Number of updated asset objects reloaded before import = 0
Number of asset objects unloaded after import = 1707
========================================================================
Received Import Request.
  Time since last request: 20.816270 seconds.
  path: Assets/people/6.fbx
  artifactKey: Guid(cadfa72fdcb3d6342abe7bf438b4b1f0) Importer(815301076,1909f56bfc062723c751e8b465ee728b)
Start importing Assets/people/6.fbx using Guid(cadfa72fdcb3d6342abe7bf438b4b1f0) Importer(815301076,1909f56bfc062723c751e8b465ee728b)  -> (artifact id: 'dfb7d31f4bcd46e0d9b6cb31d64b21cc') in 0.086683 seconds
Number of updated asset objects reloaded before import = 0
Number of asset objects unloaded after import = 17
========================================================================
Received Import Request.
  Time since last request: 9.337409 seconds.
  path: Assets/people/6.fbx
  artifactKey: Guid(cadfa72fdcb3d6342abe7bf438b4b1f0) Importer(815301076,1909f56bfc062723c751e8b465ee728b)
Start importing Assets/people/6.fbx using Guid(cadfa72fdcb3d6342abe7bf438b4b1f0) Importer(815301076,1909f56bfc062723c751e8b465ee728b)  -> (artifact id: 'e4a871ce6f669f6671bb7df578103ce3') in 0.027669 seconds
Number of updated asset objects reloaded before import = 0
Number of asset objects unloaded after import = 17
