Using pre-set license
Built from '2022.3/china_unity/release' branch; Version is '2022.3.8f1c1 (4ec8ee1b2212) revision 5163246'; Using compiler version '192829333'; Build Type 'Release'
OS: 'Windows 11  (10.0.26100) 64bit Professional' Language: 'zh' Physical Memory: 16176 MB
BatchMode: 1, IsHumanControllingUs: 0, StartBugReporterOnCrash: 0, Is64bit: 1, IsPro: 1

COMMAND LINE ARGUMENTS:
D:\Unity 2022.3.8f1c1\Editor\Unity.exe
-adb2
-batchMode
-noUpm
-name
AssetImportWorker0
-projectPath
D:/UnityProject/Mo Jing Mysteries The Gate of Physics
-logFile
Logs/AssetImportWorker0.log
-srvPort
50695
Successfully changed project path to: D:/UnityProject/Mo Jing Mysteries The Gate of Physics
D:/UnityProject/Mo Jing Mysteries The Gate of Physics
[UnityMemory] Configuration Parameters - Can be set up in boot.config
    "memorysetup-bucket-allocator-granularity=16"
    "memorysetup-bucket-allocator-bucket-count=8"
    "memorysetup-bucket-allocator-block-size=33554432"
    "memorysetup-bucket-allocator-block-count=8"
    "memorysetup-main-allocator-block-size=16777216"
    "memorysetup-thread-allocator-block-size=16777216"
    "memorysetup-gfx-main-allocator-block-size=16777216"
    "memorysetup-gfx-thread-allocator-block-size=16777216"
    "memorysetup-cache-allocator-block-size=4194304"
    "memorysetup-typetree-allocator-block-size=2097152"
    "memorysetup-profiler-bucket-allocator-granularity=16"
    "memorysetup-profiler-bucket-allocator-bucket-count=8"
    "memorysetup-profiler-bucket-allocator-block-size=33554432"
    "memorysetup-profiler-bucket-allocator-block-count=8"
    "memorysetup-profiler-allocator-block-size=16777216"
    "memorysetup-profiler-editor-allocator-block-size=1048576"
    "memorysetup-temp-allocator-size-main=16777216"
    "memorysetup-job-temp-allocator-block-size=2097152"
    "memorysetup-job-temp-allocator-block-size-background=1048576"
    "memorysetup-job-temp-allocator-reduction-small-platforms=262144"
    "memorysetup-allocator-temp-initial-block-size-main=262144"
    "memorysetup-allocator-temp-initial-block-size-worker=262144"
    "memorysetup-temp-allocator-size-background-worker=32768"
    "memorysetup-temp-allocator-size-job-worker=262144"
    "memorysetup-temp-allocator-size-preload-manager=33554432"
    "memorysetup-temp-allocator-size-nav-mesh-worker=65536"
    "memorysetup-temp-allocator-size-audio-worker=65536"
    "memorysetup-temp-allocator-size-cloud-worker=32768"
    "memorysetup-temp-allocator-size-gi-baking-worker=262144"
    "memorysetup-temp-allocator-size-gfx=262144"
Player connection [27140] Host "[IP] 192.168.17.1 [Port] 0 [Flags] 2 [Guid] 3775533578 [EditorId] 3775533578 [Version] 1048832 [Id] WindowsEditor(7,Olivia) [Debug] 1 [PackageName] WindowsEditor [ProjectName] Editor" joined multi-casting on [225.0.0.222:54997]...

Player connection [27140] Host "[IP] 192.168.17.1 [Port] 0 [Flags] 2 [Guid] 3775533578 [EditorId] 3775533578 [Version] 1048832 [Id] WindowsEditor(7,Olivia) [Debug] 1 [PackageName] WindowsEditor [ProjectName] Editor" joined alternative multi-casting on [225.0.0.222:34997]...

[Physics::Module] Initialized MultithreadedJobDispatcher with 15 workers.
Refreshing native plugins compatible for Editor in 42.73 ms, found 3 plugins.
Preloading 0 native plugins for Editor in 0.00 ms.
Initialize engine version: 2022.3.8f1c1 (4ec8ee1b2212)
[Subsystems] Discovering subsystems at path D:/Unity 2022.3.8f1c1/Editor/Data/Resources/UnitySubsystems
[Subsystems] Discovering subsystems at path D:/UnityProject/Mo Jing Mysteries The Gate of Physics/Assets
GfxDevice: creating device client; threaded=0; jobified=0
Direct3D:
    Version:  Direct3D 11.0 [level 11.1]
    Renderer: NVIDIA GeForce RTX 4050 Laptop GPU (ID=0x28e1)
    Vendor:   NVIDIA
    VRAM:     5921 MB
    Driver:   32.0.15.6094
Initialize mono
Mono path[0] = 'D:/Unity 2022.3.8f1c1/Editor/Data/Managed'
Mono path[1] = 'D:/Unity 2022.3.8f1c1/Editor/Data/MonoBleedingEdge/lib/mono/unityjit-win32'
Mono config path = 'D:/Unity 2022.3.8f1c1/Editor/Data/MonoBleedingEdge/etc'
Using monoOptions --debugger-agent=transport=dt_socket,embedding=1,server=y,suspend=n,address=127.0.0.1:56416
Begin MonoManager ReloadAssembly
Registering precompiled unity dll's ...
Register platform support module: D:/Unity 2022.3.8f1c1/Editor/Data/PlaybackEngines/WindowsStandaloneSupport/UnityEditor.WindowsStandalone.Extensions.dll
Registered in 0.356978 seconds.
- Loaded All Assemblies, in  4.632 seconds
Native extension for WindowsStandalone target not found
Mono: successfully reloaded assembly
- Finished resetting the current domain, in  0.542 seconds
Domain Reload Profiling: 5165ms
	BeginReloadAssembly (328ms)
		ExecutionOrderSort (0ms)
		DisableScriptedObjects (0ms)
		BackupInstance (0ms)
		ReleaseScriptingObjects (0ms)
		CreateAndSetChildDomain (1ms)
	RebuildCommonClasses (922ms)
	RebuildNativeTypeToScriptingClass (7ms)
	initialDomainReloadingComplete (1469ms)
	LoadAllAssembliesAndSetupDomain (1897ms)
		LoadAssemblies (249ms)
		RebuildTransferFunctionScriptingTraits (0ms)
		AnalyzeDomain (1895ms)
			TypeCache.Refresh (1892ms)
				TypeCache.ScanAssembly (1295ms)
			ScanForSourceGeneratedMonoScriptInfo (1ms)
			ResolveRequiredComponents (1ms)
	FinalizeReload (543ms)
		ReleaseScriptCaches (0ms)
		RebuildScriptCaches (0ms)
		SetupLoadedEditorAssemblies (424ms)
			LogAssemblyErrors (0ms)
			InitializePlatformSupportModulesInManaged (21ms)
			SetLoadedEditorAssemblies (15ms)
			RefreshPlugins (0ms)
			BeforeProcessingInitializeOnLoad (3ms)
			ProcessInitializeOnLoadAttributes (263ms)
			ProcessInitializeOnLoadMethodAttributes (122ms)
			AfterProcessingInitializeOnLoad (0ms)
			EditorAssembliesLoaded (0ms)
		ExecutionOrderSort2 (0ms)
		AwakeInstancesAfterBackupRestoration (0ms)
========================================================================
Worker process is ready to serve import requests
Begin MonoManager ReloadAssembly
- Loaded All Assemblies, in 12.135 seconds
Refreshing native plugins compatible for Editor in 59.41 ms, found 3 plugins.
Native extension for WindowsStandalone target not found
Package Manager log level set to [2]
[Package Manager] Server::EnsureServerProcessIsRunning -- launch failed, reason: Unity was launched with the -noUpm command-line argument
[Package Manager] UpmClient::Send -- Unable to send message (not connected to UPM process).
[Package Manager] Cannot connect to Unity Package Manager local server
Mono: successfully reloaded assembly
- Finished resetting the current domain, in  1.015 seconds
Domain Reload Profiling: 7058ms
	BeginReloadAssembly (541ms)
		ExecutionOrderSort (0ms)
		DisableScriptedObjects (14ms)
		BackupInstance (0ms)
		ReleaseScriptingObjects (0ms)
		CreateAndSetChildDomain (48ms)
	RebuildCommonClasses (62ms)
	RebuildNativeTypeToScriptingClass (18ms)
	initialDomainReloadingComplete (175ms)
	LoadAllAssembliesAndSetupDomain (5247ms)
		LoadAssemblies (4570ms)
		RebuildTransferFunctionScriptingTraits (0ms)
		AnalyzeDomain (998ms)
			TypeCache.Refresh (950ms)
				TypeCache.ScanAssembly (828ms)
			ScanForSourceGeneratedMonoScriptInfo (36ms)
			ResolveRequiredComponents (8ms)
	FinalizeReload (1016ms)
		ReleaseScriptCaches (0ms)
		RebuildScriptCaches (0ms)
		SetupLoadedEditorAssemblies (748ms)
			LogAssemblyErrors (0ms)
			InitializePlatformSupportModulesInManaged (12ms)
			SetLoadedEditorAssemblies (8ms)
			RefreshPlugins (0ms)
			BeforeProcessingInitializeOnLoad (156ms)
			ProcessInitializeOnLoadAttributes (537ms)
			ProcessInitializeOnLoadMethodAttributes (12ms)
			AfterProcessingInitializeOnLoad (22ms)
			EditorAssembliesLoaded (0ms)
		ExecutionOrderSort2 (0ms)
		AwakeInstancesAfterBackupRestoration (8ms)
Launched and connected shader compiler UnityShaderCompiler.exe after 0.09 seconds
Refreshing native plugins compatible for Editor in 10.58 ms, found 3 plugins.
Preloading 0 native plugins for Editor in 0.00 ms.
Unloading 3101 Unused Serialized files (Serialized files now loaded: 0)
Unloading 31 unused Assets / (56.4 KB). Loaded Objects now: 3570.
Memory consumption went from 118.7 MB to 118.6 MB.
Total: 3.075700 ms (FindLiveObjects: 0.257100 ms CreateObjectMapping: 0.068300 ms MarkObjects: 2.643300 ms  DeleteObjects: 0.106000 ms)

AssetImportParameters requested are different than current active one (requested -> active):
  custom:container-demuxer-ogg: 62fdf1f143b41e24485cea50d1cbac27 -> 
  custom:video-codec-MediaFoundation-h265: 746d11721c4dcdbdad8f713fa42b33f4 -> 
  custom:video-decoder-ogg-theora: a1e56fd34408186e4bbccfd4996cb3dc -> 
  custom:framework-win-MediaFoundation: 216162199b28c13a410421893ffa2e32 -> 
  custom:CustomObjectIndexerAttribute: 756ad292c208cfabdd7b50bc23989ffe -> 
  custom:container-demuxer-webm: 4f35f7cbe854078d1ac9338744f61a02 -> 
  custom:container-muxer-webm: aa71ff27fc2769a1b78a27578f13a17b -> 
  custom:video-decoder-webm-vp8: 9c59270c3fd7afecdb556c50c9e8de78 -> 
  custom:SearchIndexIgnoredProperties: e643bd26f0fe6173181afceb89e7c659 -> 
  custom:AudioImporter_EditorPlatform: d09bf68614088b80899f8185d706f6e7 -> 
  custom:video-encoder-webm-vp8: eb34c28f22e8b96e1ab97ce403110664 -> 
  custom:audio-decoder-ogg-vorbis: bf7c407c2cedff20999df2af8eb42d56 -> 
  custom:audio-encoder-webm-vorbis: bf7c407c2cedff20999df2af8eb42d56 -> 
========================================================================
Received Import Request.
  Time since last request: 3157.625556 seconds.
  path: Assets/people/1.obj
  artifactKey: Guid(52805ab733d1ad24c8bc80351a50d13b) Importer(815301076,1909f56bfc062723c751e8b465ee728b)
Start importing Assets/people/1.obj using Guid(52805ab733d1ad24c8bc80351a50d13b) Importer(815301076,1909f56bfc062723c751e8b465ee728b)  -> (artifact id: 'c023ec231cc575205ee64ffa57d5500d') in 0.203902 seconds
Number of updated asset objects reloaded before import = 0
Number of asset objects unloaded after import = 10
========================================================================
Received Import Request.
  Time since last request: 38.603267 seconds.
  path: Assets/people/1.mtl
  artifactKey: Guid(04a475a678c1d7448bfe9c4142674433) Importer(815301076,1909f56bfc062723c751e8b465ee728b)
Start importing Assets/people/1.mtl using Guid(04a475a678c1d7448bfe9c4142674433) Importer(815301076,1909f56bfc062723c751e8b465ee728b)  -> (artifact id: '69403d4301ea82340e11ecf81dde4088') in 0.001364 seconds
Number of updated asset objects reloaded before import = 0
Number of asset objects unloaded after import = 1
========================================================================
Received Import Request.
  Time since last request: 112.637678 seconds.
  path: Assets/people/111.fbx
  artifactKey: Guid(bd0bae11d6f629546bbda3b5033e6481) Importer(815301076,1909f56bfc062723c751e8b465ee728b)
Start importing Assets/people/111.fbx using Guid(bd0bae11d6f629546bbda3b5033e6481) Importer(815301076,1909f56bfc062723c751e8b465ee728b)  -> (artifact id: '65fb92b049e0e3964c162983c0cea771') in 0.059768 seconds
Number of updated asset objects reloaded before import = 0
Number of asset objects unloaded after import = 17
========================================================================
Received Prepare
Begin MonoManager ReloadAssembly
- Loaded All Assemblies, in  0.508 seconds
Refreshing native plugins compatible for Editor in 10.42 ms, found 3 plugins.
Native extension for WindowsStandalone target not found
[Package Manager] Server::EnsureServerProcessIsRunning -- launch failed, reason: Unity was launched with the -noUpm command-line argument
[Package Manager] UpmClient::Send -- Unable to send message (not connected to UPM process).
[Package Manager] Cannot connect to Unity Package Manager local server
Mono: successfully reloaded assembly
- Finished resetting the current domain, in  1.345 seconds
Domain Reload Profiling: 1838ms
	BeginReloadAssembly (169ms)
		ExecutionOrderSort (0ms)
		DisableScriptedObjects (2ms)
		BackupInstance (0ms)
		ReleaseScriptingObjects (0ms)
		CreateAndSetChildDomain (23ms)
	RebuildCommonClasses (23ms)
	RebuildNativeTypeToScriptingClass (8ms)
	initialDomainReloadingComplete (40ms)
	LoadAllAssembliesAndSetupDomain (252ms)
		LoadAssemblies (348ms)
		RebuildTransferFunctionScriptingTraits (0ms)
		AnalyzeDomain (10ms)
			TypeCache.Refresh (5ms)
				TypeCache.ScanAssembly (0ms)
			ScanForSourceGeneratedMonoScriptInfo (0ms)
			ResolveRequiredComponents (3ms)
	FinalizeReload (1345ms)
		ReleaseScriptCaches (0ms)
		RebuildScriptCaches (0ms)
		SetupLoadedEditorAssemblies (305ms)
			LogAssemblyErrors (0ms)
			InitializePlatformSupportModulesInManaged (4ms)
			SetLoadedEditorAssemblies (3ms)
			RefreshPlugins (0ms)
			BeforeProcessingInitializeOnLoad (65ms)
			ProcessInitializeOnLoadAttributes (191ms)
			ProcessInitializeOnLoadMethodAttributes (14ms)
			AfterProcessingInitializeOnLoad (27ms)
			EditorAssembliesLoaded (0ms)
		ExecutionOrderSort2 (0ms)
		AwakeInstancesAfterBackupRestoration (9ms)
Refreshing native plugins compatible for Editor in 10.80 ms, found 3 plugins.
Preloading 0 native plugins for Editor in 0.00 ms.
Unloading 3092 Unused Serialized files (Serialized files now loaded: 0)
Unloading 22 unused Assets / (30.5 KB). Loaded Objects now: 3617.
Memory consumption went from 121.5 MB to 121.5 MB.
Total: 2.376000 ms (FindLiveObjects: 0.162500 ms CreateObjectMapping: 0.065000 ms MarkObjects: 2.107200 ms  DeleteObjects: 0.040300 ms)

Prepare: number of updated asset objects reloaded= 0
AssetImportParameters requested are different than current active one (requested -> active):
  custom:container-demuxer-ogg: 62fdf1f143b41e24485cea50d1cbac27 -> 
  custom:video-codec-MediaFoundation-h265: 746d11721c4dcdbdad8f713fa42b33f4 -> 
  custom:video-decoder-ogg-theora: a1e56fd34408186e4bbccfd4996cb3dc -> 
  custom:framework-win-MediaFoundation: 216162199b28c13a410421893ffa2e32 -> 
  custom:CustomObjectIndexerAttribute: 756ad292c208cfabdd7b50bc23989ffe -> 
  custom:container-demuxer-webm: 4f35f7cbe854078d1ac9338744f61a02 -> 
  custom:container-muxer-webm: aa71ff27fc2769a1b78a27578f13a17b -> 
  custom:video-decoder-webm-vp8: 9c59270c3fd7afecdb556c50c9e8de78 -> 
  custom:SearchIndexIgnoredProperties: e643bd26f0fe6173181afceb89e7c659 -> 
  custom:AudioImporter_EditorPlatform: d09bf68614088b80899f8185d706f6e7 -> 
  custom:video-encoder-webm-vp8: eb34c28f22e8b96e1ab97ce403110664 -> 
  custom:audio-decoder-ogg-vorbis: bf7c407c2cedff20999df2af8eb42d56 -> 
  custom:audio-encoder-webm-vorbis: bf7c407c2cedff20999df2af8eb42d56 -> 
========================================================================
Received Import Request.
  Time since last request: 179.411473 seconds.
  path: Assets/people/2.fbx
  artifactKey: Guid(e5bae499226aaf5488097b71a744b004) Importer(815301076,1909f56bfc062723c751e8b465ee728b)
Start importing Assets/people/2.fbx using Guid(e5bae499226aaf5488097b71a744b004) Importer(815301076,1909f56bfc062723c751e8b465ee728b)  -> (artifact id: '34a17e0cc2943862f986a492c808db7c') in 1.968850 seconds
Number of updated asset objects reloaded before import = 0
Number of asset objects unloaded after import = 1216
========================================================================
Received Import Request.
  Time since last request: 69.311344 seconds.
  path: Assets/people/2.fbx
  artifactKey: Guid(e5bae499226aaf5488097b71a744b004) Importer(815301076,1909f56bfc062723c751e8b465ee728b)
Start importing Assets/people/2.fbx using Guid(e5bae499226aaf5488097b71a744b004) Importer(815301076,1909f56bfc062723c751e8b465ee728b)  -> (artifact id: 'ae99f3cde73ccc835386c2057f80173c') in 0.060556 seconds
Number of updated asset objects reloaded before import = 0
Number of asset objects unloaded after import = 15
========================================================================
Received Import Request.
  Time since last request: 0.000019 seconds.
  path: Assets/people/4.fbx
  artifactKey: Guid(f790f4eeb7fe3be4c8a3d579a94f91f7) Importer(815301076,1909f56bfc062723c751e8b465ee728b)
Start importing Assets/people/4.fbx using Guid(f790f4eeb7fe3be4c8a3d579a94f91f7) Importer(815301076,1909f56bfc062723c751e8b465ee728b)  -> (artifact id: 'cb2054fa43a47f84f0aea049caf71931') in 0.055821 seconds
Number of updated asset objects reloaded before import = 0
Number of asset objects unloaded after import = 15
========================================================================
Received Import Request.
  Time since last request: 128.343995 seconds.
  path: Assets/people/111.fbx
  artifactKey: Guid(bd0bae11d6f629546bbda3b5033e6481) Importer(815301076,1909f56bfc062723c751e8b465ee728b)
Start importing Assets/people/111.fbx using Guid(bd0bae11d6f629546bbda3b5033e6481) Importer(815301076,1909f56bfc062723c751e8b465ee728b)  -> (artifact id: '144f7daf2ac4ca0d16a72c7f2f9e0d54') in 0.049940 seconds
Number of updated asset objects reloaded before import = 0
Number of asset objects unloaded after import = 17
========================================================================
Received Import Request.
  Time since last request: 830.015810 seconds.
  path: Assets/people/Materials
  artifactKey: Guid(a93ce9827317b4b4e8f36e482670ca87) Importer(815301076,1909f56bfc062723c751e8b465ee728b)
Start importing Assets/people/Materials using Guid(a93ce9827317b4b4e8f36e482670ca87) Importer(815301076,1909f56bfc062723c751e8b465ee728b)  -> (artifact id: '77c86141f1712e0014a384b472dfa015') in 0.000952 seconds
Number of updated asset objects reloaded before import = 0
Number of asset objects unloaded after import = 0
========================================================================
Received Import Request.
  Time since last request: 0.192633 seconds.
  path: Assets/people/Materials/cap.mat
  artifactKey: Guid(ddaf7122b253997459b26c3657ad3552) Importer(815301076,1909f56bfc062723c751e8b465ee728b)
Start importing Assets/people/Materials/cap.mat using Guid(ddaf7122b253997459b26c3657ad3552) Importer(815301076,1909f56bfc062723c751e8b465ee728b)  -> (artifact id: 'e7e136495a1fa7c39cef463357eaa3a5') in 0.015454 seconds
Number of updated asset objects reloaded before import = 0
Number of asset objects unloaded after import = 1
========================================================================
Received Import Request.
  Time since last request: 0.000064 seconds.
  path: Assets/people/Materials/hair.mat
  artifactKey: Guid(2ef751ab7c064524291770c12c30ac41) Importer(815301076,1909f56bfc062723c751e8b465ee728b)
Start importing Assets/people/Materials/hair.mat using Guid(2ef751ab7c064524291770c12c30ac41) Importer(815301076,1909f56bfc062723c751e8b465ee728b)  -> (artifact id: 'dcb251ad00be113476b29517e890dcdf') in 0.013411 seconds
Number of updated asset objects reloaded before import = 0
Number of asset objects unloaded after import = 1
========================================================================
Received Import Request.
  Time since last request: 0.004202 seconds.
  path: Assets/people/Materials/skin_.mat
  artifactKey: Guid(16aaeaf316f12914886e1bb1552d2c75) Importer(815301076,1909f56bfc062723c751e8b465ee728b)
Start importing Assets/people/Materials/skin_.mat using Guid(16aaeaf316f12914886e1bb1552d2c75) Importer(815301076,1909f56bfc062723c751e8b465ee728b)  -> (artifact id: '86ec307d82d12083d7a46aae262970ee') in 0.020980 seconds
Number of updated asset objects reloaded before import = 0
Number of asset objects unloaded after import = 1
========================================================================
Received Import Request.
  Time since last request: 0.000021 seconds.
  path: Assets/people/Materials/kuzi.mat
  artifactKey: Guid(2bde4a7fe58a3a243b35a7cff54a78d7) Importer(815301076,1909f56bfc062723c751e8b465ee728b)
Start importing Assets/people/Materials/kuzi.mat using Guid(2bde4a7fe58a3a243b35a7cff54a78d7) Importer(815301076,1909f56bfc062723c751e8b465ee728b)  -> (artifact id: 'd16a6b9fc1714a168ba37f3387664d7b') in 0.019036 seconds
Number of updated asset objects reloaded before import = 0
Number of asset objects unloaded after import = 1
========================================================================
Received Import Request.
  Time since last request: 0.000065 seconds.
  path: Assets/people/Materials/xie.mat
  artifactKey: Guid(e6d2f359769770145b387deb31de8d5c) Importer(815301076,1909f56bfc062723c751e8b465ee728b)
Start importing Assets/people/Materials/xie.mat using Guid(e6d2f359769770145b387deb31de8d5c) Importer(815301076,1909f56bfc062723c751e8b465ee728b)  -> (artifact id: 'e95b12ba51f5d011272a01f9904a6826') in 0.020605 seconds
Number of updated asset objects reloaded before import = 0
Number of asset objects unloaded after import = 1
Editor requested this worker to shutdown with reason: Scaling down because of idle timeout
TcpMessagingSession - receive error
AssetImportWorkerClient::OnTransportError - code=2 error=End of file
AssetImportWorker is now disconnected from the server
Process exiting
Exiting without the bug reporter. Application will terminate with return code 0