Using pre-set license
Built from '2022.3/china_unity/release' branch; Version is '2022.3.8f1c1 (4ec8ee1b2212) revision 5163246'; Using compiler version '192829333'; Build Type 'Release'
OS: 'Windows 11  (10.0.26100) 64bit Professional' Language: 'zh' Physical Memory: 16176 MB
BatchMode: 1, IsHumanControllingUs: 0, StartBugReporterOnCrash: 0, Is64bit: 1, IsPro: 1

COMMAND LINE ARGUMENTS:
D:\Unity 2022.3.8f1c1\Editor\Unity.exe
-adb2
-batchMode
-noUpm
-name
AssetImportWorker3
-projectPath
D:/UnityProject/Mo Jing Mysteries The Gate of Physics
-logFile
Logs/AssetImportWorker3.log
-srvPort
50695
Successfully changed project path to: D:/UnityProject/Mo Jing Mysteries The Gate of Physics
D:/UnityProject/Mo Jing Mysteries The Gate of Physics
[UnityMemory] Configuration Parameters - Can be set up in boot.config
    "memorysetup-bucket-allocator-granularity=16"
    "memorysetup-bucket-allocator-bucket-count=8"
    "memorysetup-bucket-allocator-block-size=33554432"
    "memorysetup-bucket-allocator-block-count=8"
    "memorysetup-main-allocator-block-size=16777216"
    "memorysetup-thread-allocator-block-size=16777216"
    "memorysetup-gfx-main-allocator-block-size=16777216"
    "memorysetup-gfx-thread-allocator-block-size=16777216"
    "memorysetup-cache-allocator-block-size=4194304"
    "memorysetup-typetree-allocator-block-size=2097152"
    "memorysetup-profiler-bucket-allocator-granularity=16"
    "memorysetup-profiler-bucket-allocator-bucket-count=8"
    "memorysetup-profiler-bucket-allocator-block-size=33554432"
    "memorysetup-profiler-bucket-allocator-block-count=8"
    "memorysetup-profiler-allocator-block-size=16777216"
    "memorysetup-profiler-editor-allocator-block-size=1048576"
    "memorysetup-temp-allocator-size-main=16777216"
    "memorysetup-job-temp-allocator-block-size=2097152"
    "memorysetup-job-temp-allocator-block-size-background=1048576"
    "memorysetup-job-temp-allocator-reduction-small-platforms=262144"
    "memorysetup-allocator-temp-initial-block-size-main=262144"
    "memorysetup-allocator-temp-initial-block-size-worker=262144"
    "memorysetup-temp-allocator-size-background-worker=32768"
    "memorysetup-temp-allocator-size-job-worker=262144"
    "memorysetup-temp-allocator-size-preload-manager=33554432"
    "memorysetup-temp-allocator-size-nav-mesh-worker=65536"
    "memorysetup-temp-allocator-size-audio-worker=65536"
    "memorysetup-temp-allocator-size-cloud-worker=32768"
    "memorysetup-temp-allocator-size-gi-baking-worker=262144"
    "memorysetup-temp-allocator-size-gfx=262144"
Player connection [34368] Host "[IP] 192.168.17.1 [Port] 0 [Flags] 2 [Guid] 391999909 [EditorId] 391999909 [Version] 1048832 [Id] WindowsEditor(7,Olivia) [Debug] 1 [PackageName] WindowsEditor [ProjectName] Editor" joined multi-casting on [225.0.0.222:54997]...

Player connection [34368] Host "[IP] 192.168.17.1 [Port] 0 [Flags] 2 [Guid] 391999909 [EditorId] 391999909 [Version] 1048832 [Id] WindowsEditor(7,Olivia) [Debug] 1 [PackageName] WindowsEditor [ProjectName] Editor" joined alternative multi-casting on [225.0.0.222:34997]...

[Physics::Module] Initialized MultithreadedJobDispatcher with 15 workers.
Refreshing native plugins compatible for Editor in 21.49 ms, found 3 plugins.
Preloading 0 native plugins for Editor in 0.00 ms.
Initialize engine version: 2022.3.8f1c1 (4ec8ee1b2212)
[Subsystems] Discovering subsystems at path D:/Unity 2022.3.8f1c1/Editor/Data/Resources/UnitySubsystems
[Subsystems] Discovering subsystems at path D:/UnityProject/Mo Jing Mysteries The Gate of Physics/Assets
GfxDevice: creating device client; threaded=0; jobified=0
Direct3D:
    Version:  Direct3D 11.0 [level 11.1]
    Renderer: NVIDIA GeForce RTX 4050 Laptop GPU (ID=0x28e1)
    Vendor:   NVIDIA
    VRAM:     5921 MB
    Driver:   32.0.15.6094
Initialize mono
Mono path[0] = 'D:/Unity 2022.3.8f1c1/Editor/Data/Managed'
Mono path[1] = 'D:/Unity 2022.3.8f1c1/Editor/Data/MonoBleedingEdge/lib/mono/unityjit-win32'
Mono config path = 'D:/Unity 2022.3.8f1c1/Editor/Data/MonoBleedingEdge/etc'
Using monoOptions --debugger-agent=transport=dt_socket,embedding=1,server=y,suspend=n,address=127.0.0.1:56044
Begin MonoManager ReloadAssembly
Registering precompiled unity dll's ...
Register platform support module: D:/Unity 2022.3.8f1c1/Editor/Data/PlaybackEngines/WindowsStandaloneSupport/UnityEditor.WindowsStandalone.Extensions.dll
Registered in 0.010555 seconds.
- Loaded All Assemblies, in  0.447 seconds
Native extension for WindowsStandalone target not found
Mono: successfully reloaded assembly
- Finished resetting the current domain, in  0.211 seconds
Domain Reload Profiling: 645ms
	BeginReloadAssembly (197ms)
		ExecutionOrderSort (0ms)
		DisableScriptedObjects (0ms)
		BackupInstance (0ms)
		ReleaseScriptingObjects (0ms)
		CreateAndSetChildDomain (1ms)
	RebuildCommonClasses (30ms)
	RebuildNativeTypeToScriptingClass (8ms)
	initialDomainReloadingComplete (77ms)
	LoadAllAssembliesAndSetupDomain (123ms)
		LoadAssemblies (180ms)
		RebuildTransferFunctionScriptingTraits (0ms)
		AnalyzeDomain (120ms)
			TypeCache.Refresh (119ms)
				TypeCache.ScanAssembly (108ms)
			ScanForSourceGeneratedMonoScriptInfo (0ms)
			ResolveRequiredComponents (0ms)
	FinalizeReload (212ms)
		ReleaseScriptCaches (0ms)
		RebuildScriptCaches (0ms)
		SetupLoadedEditorAssemblies (164ms)
			LogAssemblyErrors (0ms)
			InitializePlatformSupportModulesInManaged (8ms)
			SetLoadedEditorAssemblies (6ms)
			RefreshPlugins (0ms)
			BeforeProcessingInitializeOnLoad (2ms)
			ProcessInitializeOnLoadAttributes (104ms)
			ProcessInitializeOnLoadMethodAttributes (44ms)
			AfterProcessingInitializeOnLoad (0ms)
			EditorAssembliesLoaded (0ms)
		ExecutionOrderSort2 (0ms)
		AwakeInstancesAfterBackupRestoration (0ms)
========================================================================
Worker process is ready to serve import requests
Begin MonoManager ReloadAssembly
- Loaded All Assemblies, in  0.848 seconds
Refreshing native plugins compatible for Editor in 10.78 ms, found 3 plugins.
Native extension for WindowsStandalone target not found
Package Manager log level set to [2]
[Package Manager] Server::EnsureServerProcessIsRunning -- launch failed, reason: Unity was launched with the -noUpm command-line argument
[Package Manager] UpmClient::Send -- Unable to send message (not connected to UPM process).
[Package Manager] Cannot connect to Unity Package Manager local server
Mono: successfully reloaded assembly
- Finished resetting the current domain, in  0.550 seconds
Domain Reload Profiling: 1379ms
	BeginReloadAssembly (209ms)
		ExecutionOrderSort (0ms)
		DisableScriptedObjects (5ms)
		BackupInstance (0ms)
		ReleaseScriptingObjects (0ms)
		CreateAndSetChildDomain (17ms)
	RebuildCommonClasses (28ms)
	RebuildNativeTypeToScriptingClass (9ms)
	initialDomainReloadingComplete (66ms)
	LoadAllAssembliesAndSetupDomain (517ms)
		LoadAssemblies (520ms)
		RebuildTransferFunctionScriptingTraits (0ms)
		AnalyzeDomain (140ms)
			TypeCache.Refresh (123ms)
				TypeCache.ScanAssembly (110ms)
			ScanForSourceGeneratedMonoScriptInfo (11ms)
			ResolveRequiredComponents (4ms)
	FinalizeReload (550ms)
		ReleaseScriptCaches (0ms)
		RebuildScriptCaches (0ms)
		SetupLoadedEditorAssemblies (427ms)
			LogAssemblyErrors (0ms)
			InitializePlatformSupportModulesInManaged (6ms)
			SetLoadedEditorAssemblies (3ms)
			RefreshPlugins (0ms)
			BeforeProcessingInitializeOnLoad (75ms)
			ProcessInitializeOnLoadAttributes (298ms)
			ProcessInitializeOnLoadMethodAttributes (14ms)
			AfterProcessingInitializeOnLoad (31ms)
			EditorAssembliesLoaded (0ms)
		ExecutionOrderSort2 (0ms)
		AwakeInstancesAfterBackupRestoration (9ms)
Launched and connected shader compiler UnityShaderCompiler.exe after 0.08 seconds
Refreshing native plugins compatible for Editor in 12.19 ms, found 3 plugins.
Preloading 0 native plugins for Editor in 0.00 ms.
Unloading 3101 Unused Serialized files (Serialized files now loaded: 0)
Unloading 31 unused Assets / (56.3 KB). Loaded Objects now: 3570.
Memory consumption went from 118.7 MB to 118.7 MB.
Total: 2.290700 ms (FindLiveObjects: 0.156300 ms CreateObjectMapping: 0.089200 ms MarkObjects: 1.955400 ms  DeleteObjects: 0.088700 ms)

AssetImportParameters requested are different than current active one (requested -> active):
  custom:container-demuxer-ogg: 62fdf1f143b41e24485cea50d1cbac27 -> 
  custom:video-codec-MediaFoundation-h265: 746d11721c4dcdbdad8f713fa42b33f4 -> 
  custom:video-decoder-ogg-theora: a1e56fd34408186e4bbccfd4996cb3dc -> 
  custom:framework-win-MediaFoundation: 216162199b28c13a410421893ffa2e32 -> 
  custom:CustomObjectIndexerAttribute: 756ad292c208cfabdd7b50bc23989ffe -> 
  custom:container-demuxer-webm: 4f35f7cbe854078d1ac9338744f61a02 -> 
  custom:container-muxer-webm: aa71ff27fc2769a1b78a27578f13a17b -> 
  custom:video-decoder-webm-vp8: 9c59270c3fd7afecdb556c50c9e8de78 -> 
  custom:SearchIndexIgnoredProperties: e643bd26f0fe6173181afceb89e7c659 -> 
  custom:AudioImporter_EditorPlatform: d09bf68614088b80899f8185d706f6e7 -> 
  custom:video-encoder-webm-vp8: eb34c28f22e8b96e1ab97ce403110664 -> 
  custom:audio-decoder-ogg-vorbis: bf7c407c2cedff20999df2af8eb42d56 -> 
  custom:audio-encoder-webm-vorbis: bf7c407c2cedff20999df2af8eb42d56 -> 
========================================================================
Received Import Request.
  Time since last request: 4775.932737 seconds.
  path: Assets/polyperfect/Low Poly Animated People/- Materials/Colors/2 SKIN-DARK.mat
  artifactKey: Guid(7a2d84c5fa819415cad63857c2a30b64) Importer(815301076,1909f56bfc062723c751e8b465ee728b)
Start importing Assets/polyperfect/Low Poly Animated People/- Materials/Colors/2 SKIN-DARK.mat using Guid(7a2d84c5fa819415cad63857c2a30b64) Importer(815301076,1909f56bfc062723c751e8b465ee728b)  -> (artifact id: '56ca8249eb4549b6efe5f2c2b16e7eb5') in 0.190714 seconds
Number of updated asset objects reloaded before import = 0
Number of asset objects unloaded after import = 1
========================================================================
Received Import Request.
  Time since last request: 0.000023 seconds.
  path: Assets/polyperfect/Low Poly Animated People/- Materials/Colors/10 BROWN-DARK.mat
  artifactKey: Guid(6e3ac6e47b4d7a44685dfef9bf209413) Importer(815301076,1909f56bfc062723c751e8b465ee728b)
Start importing Assets/polyperfect/Low Poly Animated People/- Materials/Colors/10 BROWN-DARK.mat using Guid(6e3ac6e47b4d7a44685dfef9bf209413) Importer(815301076,1909f56bfc062723c751e8b465ee728b)  -> (artifact id: '110881e1eac857da6b5fa3ba78c98df8') in 0.017725 seconds
Number of updated asset objects reloaded before import = 0
Number of asset objects unloaded after import = 1
========================================================================
Received Import Request.
  Time since last request: 0.000094 seconds.
  path: Assets/polyperfect/Low Poly Animated People/- Materials/Colors/3 SKIN-MEDIUM.mat
  artifactKey: Guid(1fff089ce117d4f04a4c4fb00168f400) Importer(815301076,1909f56bfc062723c751e8b465ee728b)
Start importing Assets/polyperfect/Low Poly Animated People/- Materials/Colors/3 SKIN-MEDIUM.mat using Guid(1fff089ce117d4f04a4c4fb00168f400) Importer(815301076,1909f56bfc062723c751e8b465ee728b)  -> (artifact id: 'e1fcd32ee79b905cf1dbbfef105efe2d') in 0.017275 seconds
Number of updated asset objects reloaded before import = 0
Number of asset objects unloaded after import = 1
========================================================================
Received Import Request.
  Time since last request: 0.000045 seconds.
  path: Assets/polyperfect/Low Poly Animated People/- Materials/Colors/12 BROWN.mat
  artifactKey: Guid(d07dc9a550022a74792d211f343e0b16) Importer(815301076,1909f56bfc062723c751e8b465ee728b)
Start importing Assets/polyperfect/Low Poly Animated People/- Materials/Colors/12 BROWN.mat using Guid(d07dc9a550022a74792d211f343e0b16) Importer(815301076,1909f56bfc062723c751e8b465ee728b)  -> (artifact id: 'f9107536e4e2c0ffb9c8276c2b95607f') in 0.018200 seconds
Number of updated asset objects reloaded before import = 0
Number of asset objects unloaded after import = 1
========================================================================
Received Import Request.
  Time since last request: 0.000061 seconds.
  path: Assets/polyperfect/Low Poly Animated People/- Materials/Colors/13 BROWN-LIGHT.mat
  artifactKey: Guid(3193cf6cf65b8a748b1a843c78e6c26d) Importer(815301076,1909f56bfc062723c751e8b465ee728b)
Start importing Assets/polyperfect/Low Poly Animated People/- Materials/Colors/13 BROWN-LIGHT.mat using Guid(3193cf6cf65b8a748b1a843c78e6c26d) Importer(815301076,1909f56bfc062723c751e8b465ee728b)  -> (artifact id: 'b429e6d1960010e755598c1fa4c7616a') in 0.017358 seconds
Number of updated asset objects reloaded before import = 0
Number of asset objects unloaded after import = 1
========================================================================
Received Import Request.
  Time since last request: 48.939963 seconds.
  path: Assets/polyperfect/Low Poly Animated People/- Materials/Colors/18 GREY-DARK.mat
  artifactKey: Guid(40a353f6117398145a3e785d9854de93) Importer(815301076,1909f56bfc062723c751e8b465ee728b)
Start importing Assets/polyperfect/Low Poly Animated People/- Materials/Colors/18 GREY-DARK.mat using Guid(40a353f6117398145a3e785d9854de93) Importer(815301076,1909f56bfc062723c751e8b465ee728b)  -> (artifact id: 'd7497684328007d407ea084bbebf4551') in 0.020689 seconds
Number of updated asset objects reloaded before import = 0
Number of asset objects unloaded after import = 1
========================================================================
Received Import Request.
  Time since last request: 0.000054 seconds.
  path: Assets/polyperfect/Low Poly Animated People/- Materials/Colors/20 GREY.mat
  artifactKey: Guid(5fe0aebe85b574b4a94e74712f0aa915) Importer(815301076,1909f56bfc062723c751e8b465ee728b)
Start importing Assets/polyperfect/Low Poly Animated People/- Materials/Colors/20 GREY.mat using Guid(5fe0aebe85b574b4a94e74712f0aa915) Importer(815301076,1909f56bfc062723c751e8b465ee728b)  -> (artifact id: '68dab8e02b292611c915e91587ced019') in 0.018124 seconds
Number of updated asset objects reloaded before import = 0
Number of asset objects unloaded after import = 1
========================================================================
Received Import Request.
  Time since last request: 1.306924 seconds.
  path: Assets/polyperfect/Low Poly Animated People/- Materials/Colors/28 ORANGE.mat
  artifactKey: Guid(700ae469e5be9ac4095d29b97116027a) Importer(815301076,1909f56bfc062723c751e8b465ee728b)
Start importing Assets/polyperfect/Low Poly Animated People/- Materials/Colors/28 ORANGE.mat using Guid(700ae469e5be9ac4095d29b97116027a) Importer(815301076,1909f56bfc062723c751e8b465ee728b)  -> (artifact id: '3384a6d14e85927ae9d04b79c51f6499') in 0.022275 seconds
Number of updated asset objects reloaded before import = 0
Number of asset objects unloaded after import = 1
========================================================================
Received Import Request.
  Time since last request: 0.003902 seconds.
  path: Assets/polyperfect/Low Poly Animated People/- Materials/Colors/33 GREEN-DARKEST.mat
  artifactKey: Guid(12ca79d1906ac624994fa91e85880fb8) Importer(815301076,1909f56bfc062723c751e8b465ee728b)
Start importing Assets/polyperfect/Low Poly Animated People/- Materials/Colors/33 GREEN-DARKEST.mat using Guid(12ca79d1906ac624994fa91e85880fb8) Importer(815301076,1909f56bfc062723c751e8b465ee728b)  -> (artifact id: 'd084ab056da633360722835f87d1ea71') in 0.018680 seconds
Number of updated asset objects reloaded before import = 0
Number of asset objects unloaded after import = 1
========================================================================
Received Import Request.
  Time since last request: 0.006183 seconds.
  path: Assets/polyperfect/Low Poly Animated People/- Materials/Colors/37 GREEN-LIGHT.mat
  artifactKey: Guid(d41a8bca790345f49b3ae205465ff2f8) Importer(815301076,1909f56bfc062723c751e8b465ee728b)
Start importing Assets/polyperfect/Low Poly Animated People/- Materials/Colors/37 GREEN-LIGHT.mat using Guid(d41a8bca790345f49b3ae205465ff2f8) Importer(815301076,1909f56bfc062723c751e8b465ee728b)  -> (artifact id: '7a8494c29ef0c3f254ac0c81f6ab8541') in 0.018745 seconds
Number of updated asset objects reloaded before import = 0
Number of asset objects unloaded after import = 1
========================================================================
Received Import Request.
  Time since last request: 0.000015 seconds.
  path: Assets/polyperfect/Low Poly Animated People/- Materials/Colors/42 BLUE-DARK.mat
  artifactKey: Guid(b064f99cf70b44e47a02b3c08c5bafb5) Importer(815301076,1909f56bfc062723c751e8b465ee728b)
Start importing Assets/polyperfect/Low Poly Animated People/- Materials/Colors/42 BLUE-DARK.mat using Guid(b064f99cf70b44e47a02b3c08c5bafb5) Importer(815301076,1909f56bfc062723c751e8b465ee728b)  -> (artifact id: '3297f1f2555a662052e8333b4bdf5119') in 0.020528 seconds
Number of updated asset objects reloaded before import = 0
Number of asset objects unloaded after import = 1
========================================================================
Received Import Request.
  Time since last request: 0.167086 seconds.
  path: Assets/polyperfect/Low Poly Animated People/- Materials/Colors/45 BLUE-LIGHT.mat
  artifactKey: Guid(6a1a1ff74be63374aa9c17b8e7395b39) Importer(815301076,1909f56bfc062723c751e8b465ee728b)
Start importing Assets/polyperfect/Low Poly Animated People/- Materials/Colors/45 BLUE-LIGHT.mat using Guid(6a1a1ff74be63374aa9c17b8e7395b39) Importer(815301076,1909f56bfc062723c751e8b465ee728b)  -> (artifact id: '5d19138cb901a788bb7c2785f2d98458') in 0.018150 seconds
Number of updated asset objects reloaded before import = 0
Number of asset objects unloaded after import = 1
========================================================================
Received Import Request.
  Time since last request: 0.005552 seconds.
  path: Assets/polyperfect/Low Poly Animated People/- Materials/Colors/Transparent/48 TRANSPARENT BLUE.mat
  artifactKey: Guid(d0054e2826ae0cc4e8abb517bd8d7ac5) Importer(815301076,1909f56bfc062723c751e8b465ee728b)
Start importing Assets/polyperfect/Low Poly Animated People/- Materials/Colors/Transparent/48 TRANSPARENT BLUE.mat using Guid(d0054e2826ae0cc4e8abb517bd8d7ac5) Importer(815301076,1909f56bfc062723c751e8b465ee728b)  -> (artifact id: '53503cd80a45d1fd387120a11e490cfd') in 0.032428 seconds
Number of updated asset objects reloaded before import = 0
Number of asset objects unloaded after import = 1
========================================================================
Received Import Request.
  Time since last request: 0.000272 seconds.
  path: Assets/polyperfect/Low Poly Animated People/- Materials/Colors/52 PINK.mat
  artifactKey: Guid(c44501de50bef411e8f88b70fe39490e) Importer(815301076,1909f56bfc062723c751e8b465ee728b)
Start importing Assets/polyperfect/Low Poly Animated People/- Materials/Colors/52 PINK.mat using Guid(c44501de50bef411e8f88b70fe39490e) Importer(815301076,1909f56bfc062723c751e8b465ee728b)  -> (artifact id: '9c14823b06060f19662cba743490a838') in 0.021584 seconds
Number of updated asset objects reloaded before import = 0
Number of asset objects unloaded after import = 1
========================================================================
Received Import Request.
  Time since last request: 0.000022 seconds.
  path: Assets/polyperfect/Low Poly Animated People/- Materials/Colors/Emission/59 EMISSION-WHITE.mat
  artifactKey: Guid(f025c5db938b349a8b450e845b67e20a) Importer(815301076,1909f56bfc062723c751e8b465ee728b)
Start importing Assets/polyperfect/Low Poly Animated People/- Materials/Colors/Emission/59 EMISSION-WHITE.mat using Guid(f025c5db938b349a8b450e845b67e20a) Importer(815301076,1909f56bfc062723c751e8b465ee728b)  -> (artifact id: 'c4b34c389333553f320f4eacb927ddb8') in 0.020475 seconds
Number of updated asset objects reloaded before import = 0
Number of asset objects unloaded after import = 1
========================================================================
Received Import Request.
  Time since last request: 0.213186 seconds.
  path: Assets/people/Materials/coat bian.mat
  artifactKey: Guid(d7b2083fde17d6b43a0c148dd2d9acfd) Importer(815301076,1909f56bfc062723c751e8b465ee728b)
Start importing Assets/people/Materials/coat bian.mat using Guid(d7b2083fde17d6b43a0c148dd2d9acfd) Importer(815301076,1909f56bfc062723c751e8b465ee728b)  -> (artifact id: '1ed3d227ec73f93028317d54aaf5f41e') in 0.018518 seconds
Number of updated asset objects reloaded before import = 0
Number of asset objects unloaded after import = 1
